<?xml version="1.0" encoding="UTF-8"?>
<!-- Generated by org.testng.reporters.JUnitReportReporter -->
<testsuite hostname="BMANCHADA-IND" failures="0" tests="2" name="SeleniumPractice.SeleniumFrameworkDesign.ErrorValidations" time="29.551" errors="0" timestamp="2023-12-31T20:00:18 IST" skipped="0">
  <testcase classname="SeleniumPractice.SeleniumFrameworkDesign.ErrorValidations" name="LoginErrorValidation" time="4.219"/>
  <testcase classname="SeleniumPractice.SeleniumFrameworkDesign.ErrorValidations" name="ProductErrorValidation" time="25.332"/>
</testsuite> <!-- SeleniumPractice.SeleniumFrameworkDesign.ErrorValidations -->
