<?xml version="1.0" encoding="UTF-8"?>
<!-- Generated by org.testng.reporters.JUnitReportReporter -->
<testsuite hostname="BMANCHADA-IND" failures="0" tests="2" name="SeleniumPractice.SeleniumFrameworkDesign.ErrorValidations" time="41.801" errors="0" timestamp="2024-01-10T09:01:25 IST" skipped="0">
  <testcase classname="SeleniumPractice.SeleniumFrameworkDesign.ErrorValidations" name="ProductErrorValidation" time="37.079"/>
  <testcase classname="SeleniumPractice.SeleniumFrameworkDesign.ErrorValidations" name="LoginErrorValidation" time="4.722"/>
</testsuite> <!-- SeleniumPractice.SeleniumFrameworkDesign.ErrorValidations -->
